# JRE version: Java(TM) SE Runtime Environment (8.0_121-b13) (build 1.8.0_121-b13)
# Java VM: Java HotSpot(TM) 64-Bit Server VM (25.121-b13 mixed mode bsd-amd64 compressed oops)
Heap:
 PSYoungGen      total 514560K, used 70032K [0x000000076ab00000, 0x000000078d000000, 0x00000007c0000000)
  eden space 477184K, 8% used [0x000000076ab00000,0x000000076d0aa900,0x0000000787d00000)
  from space 37376K, 84% used [0x000000078a700000,0x000000078c5b9a88,0x000000078cb80000)
  to   space 42496K, 0% used [0x0000000787d00000,0x0000000787d00000,0x000000078a680000)
 ParOldGen       total 123904K, used 22997K [0x00000006c0000000, 0x00000006c7900000, 0x000000076ab00000)
  object space 123904K, 18% used [0x00000006c0000000,0x00000006c1675480,0x00000006c7900000)
 Metaspace       used 28012K, capacity 29078K, committed 29312K, reserved 1075200K
  class space    used 3656K, capacity 3885K, committed 3968K, reserved 1048576K
GC Heap History (10 events):
Event: 7.206 GC heap before
{Heap before GC invocations=5 (full 1):
 PSYoungGen      total 76288K, used 67599K [0x000000076ab00000, 0x0000000773e00000, 0x00000007c0000000)
  eden space 65536K, 99% used [0x000000076ab00000,0x000000076eae3118,0x000000076eb00000)
  from space 10752K, 20% used [0x000000076eb00000,0x000000076ed20de0,0x000000076f580000)
  to   space 10752K, 0% used [0x0000000773380000,0x0000000773380000,0x0000000773e00000)
 ParOldGen       total 123904K, used 22560K [0x00000006c0000000, 0x00000006c7900000, 0x000000076ab00000)
  object space 123904K, 18% used [0x00000006c0000000,0x00000006c16080e8,0x00000006c7900000)
 Metaspace       used 21184K, capacity 22016K, committed 22272K, reserved 1069056K
  class space    used 3028K, capacity 3214K, committed 3328K, reserved 1048576K
Event: 7.210 GC heap after
Heap after GC invocations=5 (full 1):
 PSYoungGen      total 139776K, used 2123K [0x000000076ab00000, 0x0000000773e00000, 0x00000007c0000000)
  eden space 129024K, 0% used [0x000000076ab00000,0x000000076ab00000,0x0000000772900000)
  from space 10752K, 19% used [0x0000000773380000,0x0000000773592eb8,0x0000000773e00000)
  to   space 10752K, 0% used [0x0000000772900000,0x0000000772900000,0x0000000773380000)
 ParOldGen       total 123904K, used 22560K [0x00000006c0000000, 0x00000006c7900000, 0x000000076ab00000)
  object space 123904K, 18% used [0x00000006c0000000,0x00000006c16080e8,0x00000006c7900000)
 Metaspace       used 21184K, capacity 22016K, committed 22272K, reserved 1069056K
  class space    used 3028K, capacity 3214K, committed 3328K, reserved 1048576K
}
Event: 7.248 GC heap before
{Heap before GC invocations=6 (full 1):
 PSYoungGen      total 139776K, used 131143K [0x000000076ab00000, 0x0000000773e00000, 0x00000007c0000000)
  eden space 129024K, 99% used [0x000000076ab00000,0x00000007728ff0c0,0x0000000772900000)
  from space 10752K, 19% used [0x0000000773380000,0x0000000773592eb8,0x0000000773e00000)
  to   space 10752K, 0% used [0x0000000772900000,0x0000000772900000,0x0000000773380000)
 ParOldGen       total 123904K, used 22560K [0x00000006c0000000, 0x00000006c7900000, 0x000000076ab00000)
  object space 123904K, 18% used [0x00000006c0000000,0x00000006c16080e8,0x00000006c7900000)
 Metaspace       used 21184K, capacity 22016K, committed 22272K, reserved 1069056K
  class space    used 3028K, capacity 3214K, committed 3328K, reserved 1048576K
Event: 7.250 GC heap after
Heap after GC invocations=6 (full 1):
 PSYoungGen      total 139776K, used 2229K [0x000000076ab00000, 0x000000077f980000, 0x00000007c0000000)
  eden space 129024K, 0% used [0x000000076ab00000,0x000000076ab00000,0x0000000772900000)
  from space 10752K, 20% used [0x0000000772900000,0x0000000772b2d680,0x0000000773380000)
  to   space 45056K, 0% used [0x000000077cd80000,0x000000077cd80000,0x000000077f980000)
 ParOldGen       total 123904K, used 22568K [0x00000006c0000000, 0x00000006c7900000, 0x000000076ab00000)
  object space 123904K, 18% used [0x00000006c0000000,0x00000006c160a0e8,0x00000006c7900000)
 Metaspace       used 21184K, capacity 22016K, committed 22272K, reserved 1069056K
  class space    used 3028K, capacity 3214K, committed 3328K, reserved 1048576K
}
Event: 14.671 GC heap before
{Heap before GC invocations=7 (full 1):
 PSYoungGen      total 139776K, used 131253K [0x000000076ab00000, 0x000000077f980000, 0x00000007c0000000)
  eden space 129024K, 100% used [0x000000076ab00000,0x0000000772900000,0x0000000772900000)
  from space 10752K, 20% used [0x0000000772900000,0x0000000772b2d680,0x0000000773380000)
  to   space 45056K, 0% used [0x000000077cd80000,0x000000077cd80000,0x000000077f980000)
 ParOldGen       total 123904K, used 22568K [0x00000006c0000000, 0x00000006c7900000, 0x000000076ab00000)
  object space 123904K, 18% used [0x00000006c0000000,0x00000006c160a0e8,0x00000006c7900000)
 Metaspace       used 26004K, capacity 26964K, committed 27008K, reserved 1073152K
  class space    used 3492K, capacity 3686K, committed 3712K, reserved 1048576K
Event: 14.682 GC heap after
Heap after GC invocations=7 (full 1):
 PSYoungGen      total 286208K, used 9194K [0x000000076ab00000, 0x000000077f000000, 0x00000007c0000000)
  eden space 250880K, 0% used [0x000000076ab00000,0x000000076ab00000,0x000000077a000000)
  from space 35328K, 26% used [0x000000077cd80000,0x000000077d67a898,0x000000077f000000)
  to   space 40960K, 0% used [0x000000077a000000,0x000000077a000000,0x000000077c800000)
 ParOldGen       total 123904K, used 22576K [0x00000006c0000000, 0x00000006c7900000, 0x000000076ab00000)
  object space 123904K, 18% used [0x00000006c0000000,0x00000006c160c0e8,0x00000006c7900000)
 Metaspace       used 26004K, capacity 26964K, committed 27008K, reserved 1073152K
  class space    used 3492K, capacity 3686K, committed 3712K, reserved 1048576K
}
Event: 21.268 GC heap before
{Heap before GC invocations=8 (full 1):
 PSYoungGen      total 286208K, used 260074K [0x000000076ab00000, 0x000000077f000000, 0x00000007c0000000)
  eden space 250880K, 100% used [0x000000076ab00000,0x000000077a000000,0x000000077a000000)
  from space 35328K, 26% used [0x000000077cd80000,0x000000077d67a898,0x000000077f000000)
  to   space 40960K, 0% used [0x000000077a000000,0x000000077a000000,0x000000077c800000)
 ParOldGen       total 123904K, used 22576K [0x00000006c0000000, 0x00000006c7900000, 0x000000076ab00000)
  object space 123904K, 18% used [0x00000006c0000000,0x00000006c160c0e8,0x00000006c7900000)
 Metaspace       used 27710K, capacity 28754K, committed 29056K, reserved 1075200K
  class space    used 3640K, capacity 3871K, committed 3968K, reserved 1048576K
Event: 21.281 GC heap after
Heap after GC invocations=8 (full 1):
 PSYoungGen      total 291840K, used 11772K [0x000000076ab00000, 0x000000078cb80000, 0x00000007c0000000)
  eden space 250880K, 0% used [0x000000076ab00000,0x000000076ab00000,0x000000077a000000)
  from space 40960K, 28% used [0x000000077a000000,0x000000077ab7f1c8,0x000000077c800000)
  to   space 37376K, 0% used [0x000000078a700000,0x000000078a700000,0x000000078cb80000)
 ParOldGen       total 123904K, used 22584K [0x00000006c0000000, 0x00000006c7900000, 0x000000076ab00000)
  object space 123904K, 18% used [0x00000006c0000000,0x00000006c160e0e8,0x00000006c7900000)
 Metaspace       used 27710K, capacity 28754K, committed 29056K, reserved 1075200K
  class space    used 3640K, capacity 3871K, committed 3968K, reserved 1048576K
}
Event: 29.621 GC heap before
{Heap before GC invocations=9 (full 1):
 PSYoungGen      total 291840K, used 257511K [0x000000076ab00000, 0x000000078cb80000, 0x00000007c0000000)
  eden space 250880K, 97% used [0x000000076ab00000,0x0000000779afac00,0x000000077a000000)
  from space 40960K, 28% used [0x000000077a000000,0x000000077ab7f1c8,0x000000077c800000)
  to   space 37376K, 0% used [0x000000078a700000,0x000000078a700000,0x000000078cb80000)
 ParOldGen       total 123904K, used 22584K [0x00000006c0000000, 0x00000006c7900000, 0x000000076ab00000)
  object space 123904K, 18% used [0x00000006c0000000,0x00000006c160e0e8,0x00000006c7900000)
 Metaspace       used 28010K, capacity 29078K, committed 29312K, reserved 1075200K
  class space    used 3656K, capacity 3885K, committed 3968K, reserved 1048576K
Event: 29.660 GC heap after
Heap after GC invocations=9 (full 1):
 PSYoungGen      total 514560K, used 31462K [0x000000076ab00000, 0x000000078d000000, 0x00000007c0000000)
  eden space 477184K, 0% used [0x000000076ab00000,0x000000076ab00000,0x0000000787d00000)
  from space 37376K, 84% used [0x000000078a700000,0x000000078c5b9a88,0x000000078cb80000)
  to   space 42496K, 0% used [0x0000000787d00000,0x0000000787d00000,0x000000078a680000)
 ParOldGen       total 123904K, used 22997K [0x00000006c0000000, 0x00000006c7900000, 0x000000076ab00000)
  object space 123904K, 18% used [0x00000006c0000000,0x00000006c1675480,0x00000006c7900000)
 Metaspace       used 28010K, capacity 29078K, committed 29312K, reserved 1075200K
  class space    used 3656K, capacity 3885K, committed 3968K, reserved 1048576K
}

